[01:19:20] [main/INFO]: Using mbed TLS based native cipher.
[01:19:20] [main/INFO]: Using zlib based native compressor.
[01:19:20] [main/INFO]: Enabled Waterfall version git:Waterfall-Bootstrap:1.19-R0.1-SNAPSHOT:f6069e2:513
[01:19:20] [main/INFO]: Not on Windows, attempting to use enhanced EpollEventLoop
[01:19:21] [main/INFO]: Epoll is working, utilising it!
[01:19:21] [main/INFO]: Discovered module: ModuleSpec(name=cmd_alert, file=modules/cmd_alert.jar, provider=JenkinsModuleSource())
[01:19:21] [main/INFO]: Discovered module: ModuleSpec(name=cmd_find, file=modules/cmd_find.jar, provider=JenkinsModuleSource())
[01:19:21] [main/INFO]: Discovered module: ModuleSpec(name=cmd_list, file=modules/cmd_list.jar, provider=JenkinsModuleSource())
[01:19:21] [main/INFO]: Discovered module: ModuleSpec(name=cmd_send, file=modules/cmd_send.jar, provider=JenkinsModuleSource())
[01:19:21] [main/INFO]: Discovered module: ModuleSpec(name=cmd_server, file=modules/cmd_server.jar, provider=JenkinsModuleSource())
[01:19:21] [main/INFO]: Discovered module: ModuleSpec(name=reconnect_yaml, file=modules/reconnect_yaml.jar, provider=JenkinsModuleSource())
[01:19:21] [main/INFO]: Attempting to update plugin from null to ModuleVersion(build=513, git=f6069e2)
[01:19:21] [main/INFO]: Attempting to Jenkins download module cmd_alert v513
[01:19:21] [main/INFO]: Download complete
[01:19:21] [main/INFO]: Attempting to update plugin from null to ModuleVersion(build=513, git=f6069e2)
[01:19:21] [main/INFO]: Attempting to Jenkins download module cmd_find v513
[01:19:21] [main/INFO]: Download complete
[01:19:21] [main/INFO]: Attempting to update plugin from null to ModuleVersion(build=513, git=f6069e2)
[01:19:21] [main/INFO]: Attempting to Jenkins download module cmd_list v513
[01:19:21] [main/INFO]: Download complete
[01:19:21] [main/INFO]: Attempting to update plugin from null to ModuleVersion(build=513, git=f6069e2)
[01:19:21] [main/INFO]: Attempting to Jenkins download module cmd_send v513
[01:19:21] [main/INFO]: Download complete
[01:19:21] [main/INFO]: Attempting to update plugin from null to ModuleVersion(build=513, git=f6069e2)
[01:19:21] [main/INFO]: Attempting to Jenkins download module cmd_server v513
[01:19:21] [main/INFO]: Download complete
[01:19:21] [main/INFO]: Attempting to update plugin from null to ModuleVersion(build=513, git=f6069e2)
[01:19:21] [main/INFO]: Attempting to Jenkins download module reconnect_yaml v513
[01:19:21] [main/INFO]: Download complete
[01:19:21] [main/INFO]: Loaded plugin reconnect_yaml version git:reconnect_yaml:1.19-R0.1-SNAPSHOT:f6069e2:513 by WaterfallMC
[01:19:21] [main/INFO]: Loaded plugin cmd_find version git:cmd_find:1.19-R0.1-SNAPSHOT:f6069e2:513 by WaterfallMC
[01:19:21] [main/INFO]: Loaded plugin cmd_server version git:cmd_server:1.19-R0.1-SNAPSHOT:f6069e2:513 by WaterfallMC
[01:19:21] [main/INFO]: Loaded plugin cmd_alert version git:cmd_alert:1.19-R0.1-SNAPSHOT:f6069e2:513 by WaterfallMC
[01:19:21] [main/INFO]: Loaded plugin cmd_send version git:cmd_send:1.19-R0.1-SNAPSHOT:f6069e2:513 by WaterfallMC
[01:19:21] [main/INFO]: Loaded plugin cmd_list version git:cmd_list:1.19-R0.1-SNAPSHOT:f6069e2:513 by WaterfallMC
[01:19:21] [main/WARN]: :>:>:>:>:>:>:>:>:>:>:>:>:>:>:>:>:>:>:>:>:>:>:>
[01:19:21] [main/WARN]: :>  
[01:19:21] [main/WARN]: :>      EAGLERCRAFTXBUNGEE WARNING:
[01:19:21] [main/WARN]: :>  
[01:19:21] [main/WARN]: :>  This plugin wasn't tested to be 'working'
[01:19:21] [main/WARN]: :>  with ANY version of BungeeCord (and forks)
[01:19:21] [main/WARN]: :>  apart from the versions listed below:
[01:19:21] [main/WARN]: :>  
[01:19:21] [main/WARN]: :>  - BungeeCord: 1.20-R0.2-SNAPSHOT:231024b:1777
[01:19:21] [main/WARN]: :>  - Waterfall: 1.20-R0.2-SNAPSHOT:d85fe36:556
[01:19:21] [main/WARN]: :>  - FlameCord: 1.1.1
[01:19:21] [main/WARN]: :>  
[01:19:21] [main/WARN]: :>  This is not a Bukkit/Spigot plugin!
[01:19:21] [main/WARN]: :>  
[01:19:21] [main/WARN]: :>  Use "-Deaglerxbungee.stfu=true" to hide
[01:19:21] [main/WARN]: :>  
[01:19:21] [main/WARN]: :>:>:>:>:>:>:>:>:>:>:>:>:>:>:>:>:>:>:>:>:>:>:>
[01:19:22] [main/INFO] [EaglercraftXBungee]: Loading vanilla profile: lax1dude
[01:19:22] [Skin Download Thread #1/INFO] [EaglercraftXBungee]: Loaded vanilla profile: lax1dude
[01:19:22] [main/INFO]: Loaded plugin EaglercraftXBungee version 1.0.9 by lax1dude
[01:19:22] [main/WARN]: Forced host server pvp is not defined
[01:19:22] [main/INFO]: Enabled plugin reconnect_yaml version git:reconnect_yaml:1.19-R0.1-SNAPSHOT:f6069e2:513 by WaterfallMC
[01:19:22] [main/INFO]: Enabled plugin cmd_find version git:cmd_find:1.19-R0.1-SNAPSHOT:f6069e2:513 by WaterfallMC
[01:19:22] [main/INFO]: Enabled plugin cmd_server version git:cmd_server:1.19-R0.1-SNAPSHOT:f6069e2:513 by WaterfallMC
[01:19:22] [main/INFO]: Enabled plugin cmd_alert version git:cmd_alert:1.19-R0.1-SNAPSHOT:f6069e2:513 by WaterfallMC
[01:19:22] [main/INFO]: Enabled plugin cmd_send version git:cmd_send:1.19-R0.1-SNAPSHOT:f6069e2:513 by WaterfallMC
[01:19:22] [main/INFO]: Enabled plugin cmd_list version git:cmd_list:1.19-R0.1-SNAPSHOT:f6069e2:513 by WaterfallMC
[01:19:22] [main/ERROR] [EaglercraftXBungee]: Online mode is set to false! Authentication system has been disabled
[01:19:22] [Netty Worker IO Thread #0/INFO] [EaglercraftXBungee]: Eaglercraft is listening on: /0.0.0.0:8081
[01:19:22] [main/INFO] [EaglercraftXBungee]: Connected to database: jdbc:sqlite:eaglercraft_skins_cache.db
[01:19:22] [main/INFO]: Enabled plugin EaglercraftXBungee version 1.0.9 by lax1dude
[01:19:22] [Netty Boss IO Thread #0/INFO]: Listening on /127.0.0.1:25577
[01:24:33] [Netty Worker IO Thread #3/WARN] [EaglercraftXBungee]: Server icon is not a file: /workspaces/Lime-MC/bungee/server-icon.png
[01:25:04] [Netty Worker IO Thread #0/INFO] [EaglercraftXBungee]: [/[0:0:0:0:0:0:0:1%0]:50258]: Connected via websocket
[01:25:04] [Netty Worker IO Thread #0/INFO] [EaglercraftXBungee]: [/[0:0:0:0:0:0:0:1%0]:50258]: Origin header is https://e18.vercel.app
[01:25:04] [Netty Worker IO Thread #0/INFO] [EaglercraftXBungee]: [/[0:0:0:0:0:0:0:1%0]:50258]: Logged in as 'YeegEagler374'
[01:25:04] [Netty Worker IO Thread #0/INFO]: [/[0:0:0:0:0:0:0:1%0]:50258|YeegEagler374] -> UpstreamBridge has connected
[01:25:04] [Netty Worker IO Thread #0/INFO]: [YeegEagler374|/[0:0:0:0:0:0:0:1%0]:50258] <-> ServerConnector [lobby] has connected
[01:25:35] [Netty Worker IO Thread #0/INFO]: [YeegEagler374] disconnected with: Login timed out!
[01:25:35] [Netty Worker IO Thread #0/INFO]: [/[0:0:0:0:0:0:0:1%0]:50258|YeegEagler374] -> UpstreamBridge has disconnected
[01:25:35] [Netty Worker IO Thread #0/INFO]: [/[0:0:0:0:0:0:0:1%0]:50258|YeegEagler374] <-> DownstreamBridge <-> [lobby] has disconnected
[01:25:37] [Netty Worker IO Thread #1/INFO] [EaglercraftXBungee]: [/[0:0:0:0:0:0:0:1%0]:54262]: Connected via websocket
[01:25:37] [Netty Worker IO Thread #1/INFO] [EaglercraftXBungee]: [/[0:0:0:0:0:0:0:1%0]:54262]: Origin header is https://e18.vercel.app
[01:25:38] [Netty Worker IO Thread #1/INFO] [EaglercraftXBungee]: [/[0:0:0:0:0:0:0:1%0]:54262]: Logged in as 'YeegEagler374'
[01:25:38] [Netty Worker IO Thread #1/INFO]: [/[0:0:0:0:0:0:0:1%0]:54262|YeegEagler374] -> UpstreamBridge has connected
[01:25:38] [Netty Worker IO Thread #1/INFO]: [YeegEagler374|/[0:0:0:0:0:0:0:1%0]:54262] <-> ServerConnector [lobby] has connected
[01:26:24] [Netty Worker IO Thread #1/INFO]: [/[0:0:0:0:0:0:0:1%0]:54262|YeegEagler374] -> UpstreamBridge has disconnected
[01:26:24] [Netty Worker IO Thread #1/INFO]: [YeegEagler374] disconnected with: Proxy lost connection to server.
[01:26:24] [Netty Worker IO Thread #1/INFO]: [/[0:0:0:0:0:0:0:1%0]:54262|YeegEagler374] <-> DownstreamBridge <-> [lobby] has disconnected
[01:33:10] [Netty Worker IO Thread #1/INFO] [EaglercraftXBungee]: [/[0:0:0:0:0:0:0:1%0]:60760]: Connected via websocket
[01:33:10] [Netty Worker IO Thread #1/INFO] [EaglercraftXBungee]: [/[0:0:0:0:0:0:0:1%0]:60760]: Origin header is https://e18.vercel.app
[01:33:11] [Netty Worker IO Thread #1/INFO] [EaglercraftXBungee]: [/[0:0:0:0:0:0:0:1%0]:60760]: Logged in as 'YeegEagler374'
[01:33:11] [Netty Worker IO Thread #1/INFO]: [/[0:0:0:0:0:0:0:1%0]:60760|YeegEagler374] -> UpstreamBridge has connected
[01:33:11] [Netty Worker IO Thread #1/INFO]: [YeegEagler374|/[0:0:0:0:0:0:0:1%0]:60760] <-> ServerConnector [lobby] has connected
[01:33:21] [Netty Worker IO Thread #1/INFO]: [/[0:0:0:0:0:0:0:1%0]:60760|YeegEagler374] -> UpstreamBridge has disconnected
[01:33:21] [Netty Worker IO Thread #1/INFO]: [YeegEagler374] disconnected with: Proxy lost connection to server.
[01:33:21] [Netty Worker IO Thread #1/INFO]: [/[0:0:0:0:0:0:0:1%0]:60760|YeegEagler374] <-> DownstreamBridge <-> [lobby] has disconnected
[01:33:37] [Netty Worker IO Thread #3/INFO] [EaglercraftXBungee]: [/[0:0:0:0:0:0:0:1%0]:41548]: Connected via websocket
[01:33:37] [Netty Worker IO Thread #3/INFO] [EaglercraftXBungee]: [/[0:0:0:0:0:0:0:1%0]:41548]: Origin header is https://e18.vercel.app
[01:33:37] [Netty Worker IO Thread #3/INFO] [EaglercraftXBungee]: [/[0:0:0:0:0:0:0:1%0]:41548]: Logged in as 'RetardMaster'
[01:33:37] [Netty Worker IO Thread #3/INFO]: [/[0:0:0:0:0:0:0:1%0]:41548|RetardMaster] -> UpstreamBridge has connected
[01:33:37] [Netty Worker IO Thread #3/INFO]: [RetardMaster|/[0:0:0:0:0:0:0:1%0]:41548] <-> ServerConnector [lobby] has connected
[01:36:09] [Netty Worker IO Thread #1/INFO] [EaglercraftXBungee]: [/[0:0:0:0:0:0:0:1%0]:57404]: Connected via websocket
[01:36:09] [Netty Worker IO Thread #1/INFO] [EaglercraftXBungee]: [/[0:0:0:0:0:0:0:1%0]:57404]: Origin header is https://e18.vercel.app
[01:36:09] [Netty Worker IO Thread #1/INFO] [EaglercraftXBungee]: [/[0:0:0:0:0:0:0:1%0]:57404]: Logged in as 'Pizza'
[01:36:09] [Netty Worker IO Thread #1/INFO]: [/[0:0:0:0:0:0:0:1%0]:57404|Pizza] -> UpstreamBridge has connected
[01:36:09] [Netty Worker IO Thread #1/INFO]: [Pizza|/[0:0:0:0:0:0:0:1%0]:57404] <-> ServerConnector [lobby] has connected
[01:36:21] [Netty Worker IO Thread #1/INFO]: [/[0:0:0:0:0:0:0:1%0]:57404|Pizza] -> UpstreamBridge has disconnected
[01:36:21] [Netty Worker IO Thread #1/INFO]: [Pizza] disconnected with: Proxy lost connection to server.
[01:36:21] [Netty Worker IO Thread #1/INFO]: [/[0:0:0:0:0:0:0:1%0]:57404|Pizza] <-> DownstreamBridge <-> [lobby] has disconnected
[01:39:25] [Netty Worker IO Thread #3/INFO]: [/[0:0:0:0:0:0:0:1%0]:41548|RetardMaster] -> UpstreamBridge has disconnected
[01:39:25] [Netty Worker IO Thread #3/INFO]: [RetardMaster] disconnected with: Proxy lost connection to server.
[01:39:25] [Netty Worker IO Thread #3/INFO]: [/[0:0:0:0:0:0:0:1%0]:41548|RetardMaster] <-> DownstreamBridge <-> [lobby] has disconnected
